2024-11-19 08:45:10,749 - INFO - [1332016979.py:84] - Camera handler initialized successfully
2024-11-19 08:45:11,024 - INFO - [1332016979.py:117] - Model loaded and verified successfully from model_face_mask.keras
2024-11-19 08:45:11,025 - INFO - [1332016979.py:95] - MediaPipe components initialized successfully
2024-11-19 08:45:11,026 - INFO - [1332016979.py:127] - Output directory created: mask_violations
2024-11-19 08:45:15,707 - INFO - [1332016979.py:230] - Successfully connected to camera 0
2024-11-19 08:45:15,840 - INFO - [1332016979.py:212] - Violation saved: mask_violations/violation_20241119_084515.jpg
2024-11-19 08:45:20,364 - INFO - [1332016979.py:212] - Violation saved: mask_violations/violation_20241119_084520.jpg
2024-11-19 08:45:20,443 - INFO - [1332016979.py:212] - Violation saved: mask_violations/violation_20241119_084520.jpg
2024-11-19 08:45:20,723 - INFO - [1332016979.py:212] - Violation saved: mask_violations/violation_20241119_084520.jpg
2024-11-19 08:45:20,806 - INFO - [1332016979.py:212] - Violation saved: mask_violations/violation_20241119_084520.jpg
2024-11-19 08:45:20,895 - INFO - [1332016979.py:212] - Violation saved: mask_violations/violation_20241119_084520.jpg
2024-11-19 08:45:20,972 - INFO - [1332016979.py:212] - Violation saved: mask_violations/violation_20241119_084520.jpg
2024-11-19 08:45:21,072 - INFO - [1332016979.py:212] - Violation saved: mask_violations/violation_20241119_084521.jpg
2024-11-19 08:45:21,175 - INFO - [1332016979.py:212] - Violation saved: mask_violations/violation_20241119_084521.jpg
2024-11-19 08:45:21,267 - INFO - [1332016979.py:212] - Violation saved: mask_violations/violation_20241119_084521.jpg
2024-11-19 08:45:21,365 - INFO - [1332016979.py:212] - Violation saved: mask_violations/violation_20241119_084521.jpg
2024-11-19 08:45:21,492 - INFO - [1332016979.py:212] - Violation saved: mask_violations/violation_20241119_084521.jpg
2024-11-19 08:45:21,601 - INFO - [1332016979.py:212] - Violation saved: mask_violations/violation_20241119_084521.jpg
2024-11-19 08:45:21,692 - INFO - [1332016979.py:212] - Violation saved: mask_violations/violation_20241119_084521.jpg
2024-11-19 08:45:21,803 - INFO - [1332016979.py:212] - Violation saved: mask_violations/violation_20241119_084521.jpg
2024-11-19 08:45:21,891 - INFO - [1332016979.py:212] - Violation saved: mask_violations/violation_20241119_084521.jpg
2024-11-19 08:45:22,003 - INFO - [1332016979.py:212] - Violation saved: mask_violations/violation_20241119_084522.jpg
2024-11-19 08:45:22,097 - INFO - [1332016979.py:212] - Violation saved: mask_violations/violation_20241119_084522.jpg
2024-11-19 08:45:22,191 - INFO - [1332016979.py:212] - Violation saved: mask_violations/violation_20241119_084522.jpg
2024-11-19 08:45:22,282 - INFO - [1332016979.py:212] - Violation saved: mask_violations/violation_20241119_084522.jpg
2024-11-19 08:45:22,394 - INFO - [1332016979.py:212] - Violation saved: mask_violations/violation_20241119_084522.jpg
2024-11-19 08:45:22,506 - INFO - [1332016979.py:212] - Violation saved: mask_violations/violation_20241119_084522.jpg
2024-11-19 08:45:23,253 - INFO - [1332016979.py:212] - Violation saved: mask_violations/violation_20241119_084523.jpg
2024-11-19 08:45:24,977 - INFO - [1332016979.py:212] - Violation saved: mask_violations/violation_20241119_084524.jpg
2024-11-19 08:45:25,100 - INFO - [1332016979.py:212] - Violation saved: mask_violations/violation_20241119_084525.jpg
2024-11-19 08:45:25,207 - INFO - [1332016979.py:212] - Violation saved: mask_violations/violation_20241119_084525.jpg
2024-11-19 08:45:25,314 - INFO - [1332016979.py:212] - Violation saved: mask_violations/violation_20241119_084525.jpg
2024-11-19 08:45:25,408 - INFO - [1332016979.py:212] - Violation saved: mask_violations/violation_20241119_084525.jpg
2024-11-19 08:45:25,500 - INFO - [1332016979.py:212] - Violation saved: mask_violations/violation_20241119_084525.jpg
2024-11-19 08:45:25,601 - INFO - [1332016979.py:212] - Violation saved: mask_violations/violation_20241119_084525.jpg
2024-11-19 08:45:25,702 - INFO - [1332016979.py:212] - Violation saved: mask_violations/violation_20241119_084525.jpg
2024-11-19 08:45:25,910 - INFO - [1332016979.py:212] - Violation saved: mask_violations/violation_20241119_084525.jpg
2024-11-19 08:45:26,016 - INFO - [1332016979.py:212] - Violation saved: mask_violations/violation_20241119_084526.jpg
2024-11-19 08:45:26,369 - INFO - [1332016979.py:212] - Violation saved: mask_violations/violation_20241119_084526.jpg
2024-11-19 08:45:26,448 - INFO - [1332016979.py:212] - Violation saved: mask_violations/violation_20241119_084526.jpg
2024-11-19 08:45:26,530 - INFO - [1332016979.py:212] - Violation saved: mask_violations/violation_20241119_084526.jpg
2024-11-19 08:45:26,604 - INFO - [1332016979.py:212] - Violation saved: mask_violations/violation_20241119_084526.jpg
2024-11-19 08:45:26,683 - INFO - [1332016979.py:212] - Violation saved: mask_violations/violation_20241119_084526.jpg
2024-11-19 08:45:26,762 - INFO - [1332016979.py:212] - Violation saved: mask_violations/violation_20241119_084526.jpg
2024-11-19 08:45:26,838 - INFO - [1332016979.py:212] - Violation saved: mask_violations/violation_20241119_084526.jpg
2024-11-19 08:45:26,913 - INFO - [1332016979.py:212] - Violation saved: mask_violations/violation_20241119_084526.jpg
2024-11-19 08:45:26,996 - INFO - [1332016979.py:212] - Violation saved: mask_violations/violation_20241119_084526.jpg
2024-11-19 08:45:27,090 - INFO - [1332016979.py:212] - Violation saved: mask_violations/violation_20241119_084527.jpg
2024-11-19 08:45:27,168 - INFO - [1332016979.py:212] - Violation saved: mask_violations/violation_20241119_084527.jpg
2024-11-19 08:45:27,245 - INFO - [1332016979.py:212] - Violation saved: mask_violations/violation_20241119_084527.jpg
2024-11-19 08:45:27,323 - INFO - [1332016979.py:212] - Violation saved: mask_violations/violation_20241119_084527.jpg
2024-11-19 08:45:27,403 - INFO - [1332016979.py:212] - Violation saved: mask_violations/violation_20241119_084527.jpg
2024-11-19 08:45:27,483 - INFO - [1332016979.py:212] - Violation saved: mask_violations/violation_20241119_084527.jpg
2024-11-19 08:45:27,587 - INFO - [1332016979.py:212] - Violation saved: mask_violations/violation_20241119_084527.jpg
2024-11-19 08:45:27,688 - INFO - [1332016979.py:212] - Violation saved: mask_violations/violation_20241119_084527.jpg
2024-11-19 08:45:27,774 - INFO - [1332016979.py:212] - Violation saved: mask_violations/violation_20241119_084527.jpg
2024-11-19 08:45:27,849 - INFO - [1332016979.py:212] - Violation saved: mask_violations/violation_20241119_084527.jpg
2024-11-19 08:45:27,934 - INFO - [1332016979.py:212] - Violation saved: mask_violations/violation_20241119_084527.jpg
2024-11-19 08:45:28,025 - INFO - [1332016979.py:212] - Violation saved: mask_violations/violation_20241119_084528.jpg
2024-11-19 08:45:28,101 - INFO - [1332016979.py:212] - Violation saved: mask_violations/violation_20241119_084528.jpg
2024-11-19 08:45:28,181 - INFO - [1332016979.py:212] - Violation saved: mask_violations/violation_20241119_084528.jpg
2024-11-19 08:45:28,257 - INFO - [1332016979.py:212] - Violation saved: mask_violations/violation_20241119_084528.jpg
2024-11-19 08:45:28,354 - INFO - [1332016979.py:212] - Violation saved: mask_violations/violation_20241119_084528.jpg
2024-11-19 08:45:28,430 - INFO - [1332016979.py:212] - Violation saved: mask_violations/violation_20241119_084528.jpg
2024-11-19 08:45:28,507 - INFO - [1332016979.py:212] - Violation saved: mask_violations/violation_20241119_084528.jpg
2024-11-19 08:45:28,588 - INFO - [1332016979.py:212] - Violation saved: mask_violations/violation_20241119_084528.jpg
2024-11-19 08:45:28,982 - INFO - [1332016979.py:212] - Violation saved: mask_violations/violation_20241119_084528.jpg
2024-11-19 08:45:29,063 - INFO - [1332016979.py:212] - Violation saved: mask_violations/violation_20241119_084529.jpg
2024-11-19 08:45:29,143 - INFO - [1332016979.py:212] - Violation saved: mask_violations/violation_20241119_084529.jpg
2024-11-19 08:45:29,238 - INFO - [1332016979.py:212] - Violation saved: mask_violations/violation_20241119_084529.jpg
2024-11-19 08:45:29,348 - INFO - [1332016979.py:212] - Violation saved: mask_violations/violation_20241119_084529.jpg
2024-11-19 08:45:29,438 - INFO - [1332016979.py:212] - Violation saved: mask_violations/violation_20241119_084529.jpg
2024-11-19 08:45:29,520 - INFO - [1332016979.py:212] - Violation saved: mask_violations/violation_20241119_084529.jpg
2024-11-19 08:45:29,603 - INFO - [1332016979.py:212] - Violation saved: mask_violations/violation_20241119_084529.jpg
2024-11-19 08:45:29,695 - INFO - [1332016979.py:212] - Violation saved: mask_violations/violation_20241119_084529.jpg
2024-11-19 08:45:29,782 - INFO - [1332016979.py:212] - Violation saved: mask_violations/violation_20241119_084529.jpg
2024-11-19 08:45:29,862 - INFO - [1332016979.py:212] - Violation saved: mask_violations/violation_20241119_084529.jpg
2024-11-19 08:45:29,953 - INFO - [1332016979.py:212] - Violation saved: mask_violations/violation_20241119_084529.jpg
2024-11-19 08:45:30,033 - INFO - [1332016979.py:212] - Violation saved: mask_violations/violation_20241119_084530.jpg
2024-11-19 08:45:30,110 - INFO - [1332016979.py:212] - Violation saved: mask_violations/violation_20241119_084530.jpg
2024-11-19 08:45:30,210 - INFO - [1332016979.py:212] - Violation saved: mask_violations/violation_20241119_084530.jpg
2024-11-19 08:45:30,296 - INFO - [1332016979.py:212] - Violation saved: mask_violations/violation_20241119_084530.jpg
2024-11-19 08:45:30,377 - INFO - [1332016979.py:212] - Violation saved: mask_violations/violation_20241119_084530.jpg
2024-11-19 08:45:30,464 - INFO - [1332016979.py:212] - Violation saved: mask_violations/violation_20241119_084530.jpg
2024-11-19 08:45:30,546 - INFO - [1332016979.py:212] - Violation saved: mask_violations/violation_20241119_084530.jpg
2024-11-19 08:45:30,624 - INFO - [1332016979.py:212] - Violation saved: mask_violations/violation_20241119_084530.jpg
2024-11-19 08:45:30,701 - INFO - [1332016979.py:212] - Violation saved: mask_violations/violation_20241119_084530.jpg
2024-11-19 08:45:30,780 - INFO - [1332016979.py:212] - Violation saved: mask_violations/violation_20241119_084530.jpg
2024-11-19 08:45:30,861 - INFO - [1332016979.py:212] - Violation saved: mask_violations/violation_20241119_084530.jpg
2024-11-19 08:45:30,950 - INFO - [1332016979.py:212] - Violation saved: mask_violations/violation_20241119_084530.jpg
2024-11-19 08:45:31,027 - INFO - [1332016979.py:212] - Violation saved: mask_violations/violation_20241119_084531.jpg
2024-11-19 08:45:31,105 - INFO - [1332016979.py:212] - Violation saved: mask_violations/violation_20241119_084531.jpg
2024-11-19 08:45:31,186 - INFO - [1332016979.py:212] - Violation saved: mask_violations/violation_20241119_084531.jpg
2024-11-19 08:45:31,505 - INFO - [1332016979.py:212] - Violation saved: mask_violations/violation_20241119_084531.jpg
2024-11-19 08:45:31,588 - INFO - [1332016979.py:212] - Violation saved: mask_violations/violation_20241119_084531.jpg
2024-11-19 08:45:31,817 - INFO - [1332016979.py:212] - Violation saved: mask_violations/violation_20241119_084531.jpg
2024-11-19 08:45:31,897 - INFO - [1332016979.py:212] - Violation saved: mask_violations/violation_20241119_084531.jpg
2024-11-19 08:45:31,973 - INFO - [1332016979.py:212] - Violation saved: mask_violations/violation_20241119_084531.jpg
2024-11-19 08:45:32,051 - INFO - [1332016979.py:212] - Violation saved: mask_violations/violation_20241119_084532.jpg
2024-11-19 08:45:32,150 - INFO - [1332016979.py:212] - Violation saved: mask_violations/violation_20241119_084532.jpg
2024-11-19 08:45:32,236 - INFO - [1332016979.py:212] - Violation saved: mask_violations/violation_20241119_084532.jpg
2024-11-19 08:45:32,322 - INFO - [1332016979.py:212] - Violation saved: mask_violations/violation_20241119_084532.jpg
2024-11-19 08:45:32,414 - INFO - [1332016979.py:212] - Violation saved: mask_violations/violation_20241119_084532.jpg
2024-11-19 08:45:32,499 - INFO - [1332016979.py:212] - Violation saved: mask_violations/violation_20241119_084532.jpg
2024-11-19 08:45:32,579 - INFO - [1332016979.py:212] - Violation saved: mask_violations/violation_20241119_084532.jpg
2024-11-19 08:45:32,660 - INFO - [1332016979.py:212] - Violation saved: mask_violations/violation_20241119_084532.jpg
2024-11-19 08:45:32,734 - INFO - [1332016979.py:212] - Violation saved: mask_violations/violation_20241119_084532.jpg
2024-11-19 08:45:32,812 - INFO - [1332016979.py:212] - Violation saved: mask_violations/violation_20241119_084532.jpg
2024-11-19 08:45:32,890 - INFO - [1332016979.py:212] - Violation saved: mask_violations/violation_20241119_084532.jpg
2024-11-19 08:45:32,968 - INFO - [1332016979.py:212] - Violation saved: mask_violations/violation_20241119_084532.jpg
2024-11-19 08:45:33,059 - INFO - [1332016979.py:212] - Violation saved: mask_violations/violation_20241119_084533.jpg
2024-11-19 08:45:33,134 - INFO - [1332016979.py:212] - Violation saved: mask_violations/violation_20241119_084533.jpg
2024-11-19 08:45:33,216 - INFO - [1332016979.py:212] - Violation saved: mask_violations/violation_20241119_084533.jpg
2024-11-19 08:45:33,303 - INFO - [1332016979.py:212] - Violation saved: mask_violations/violation_20241119_084533.jpg
2024-11-19 08:45:33,389 - INFO - [1332016979.py:212] - Violation saved: mask_violations/violation_20241119_084533.jpg
2024-11-19 08:45:33,473 - INFO - [1332016979.py:212] - Violation saved: mask_violations/violation_20241119_084533.jpg
2024-11-19 08:45:33,553 - INFO - [1332016979.py:212] - Violation saved: mask_violations/violation_20241119_084533.jpg
2024-11-19 08:45:33,631 - INFO - [1332016979.py:212] - Violation saved: mask_violations/violation_20241119_084533.jpg
2024-11-19 08:45:33,706 - INFO - [1332016979.py:212] - Violation saved: mask_violations/violation_20241119_084533.jpg
2024-11-19 08:45:33,786 - INFO - [1332016979.py:212] - Violation saved: mask_violations/violation_20241119_084533.jpg
2024-11-19 08:45:33,879 - INFO - [1332016979.py:212] - Violation saved: mask_violations/violation_20241119_084533.jpg
2024-11-19 08:45:33,966 - INFO - [1332016979.py:212] - Violation saved: mask_violations/violation_20241119_084533.jpg
2024-11-19 08:45:34,046 - INFO - [1332016979.py:212] - Violation saved: mask_violations/violation_20241119_084534.jpg
2024-11-19 08:45:34,142 - INFO - [1332016979.py:212] - Violation saved: mask_violations/violation_20241119_084534.jpg
2024-11-19 08:45:34,234 - INFO - [1332016979.py:212] - Violation saved: mask_violations/violation_20241119_084534.jpg
2024-11-19 08:45:34,326 - INFO - [1332016979.py:212] - Violation saved: mask_violations/violation_20241119_084534.jpg
2024-11-19 08:45:34,414 - INFO - [1332016979.py:212] - Violation saved: mask_violations/violation_20241119_084534.jpg
2024-11-19 08:45:34,496 - INFO - [1332016979.py:212] - Violation saved: mask_violations/violation_20241119_084534.jpg
2024-11-19 08:45:34,587 - INFO - [1332016979.py:212] - Violation saved: mask_violations/violation_20241119_084534.jpg
2024-11-19 08:45:34,671 - INFO - [1332016979.py:212] - Violation saved: mask_violations/violation_20241119_084534.jpg
2024-11-19 08:45:34,758 - INFO - [1332016979.py:212] - Violation saved: mask_violations/violation_20241119_084534.jpg
2024-11-19 08:45:34,856 - INFO - [1332016979.py:212] - Violation saved: mask_violations/violation_20241119_084534.jpg
2024-11-19 08:45:34,932 - INFO - [1332016979.py:212] - Violation saved: mask_violations/violation_20241119_084534.jpg
2024-11-19 08:45:36,825 - INFO - [1332016979.py:212] - Violation saved: mask_violations/violation_20241119_084536.jpg
2024-11-19 08:45:37,151 - INFO - [1332016979.py:212] - Violation saved: mask_violations/violation_20241119_084537.jpg
2024-11-19 08:45:37,233 - INFO - [1332016979.py:212] - Violation saved: mask_violations/violation_20241119_084537.jpg
2024-11-19 08:45:37,309 - INFO - [1332016979.py:212] - Violation saved: mask_violations/violation_20241119_084537.jpg
2024-11-19 08:45:37,388 - INFO - [1332016979.py:212] - Violation saved: mask_violations/violation_20241119_084537.jpg
2024-11-19 08:45:37,486 - INFO - [1332016979.py:212] - Violation saved: mask_violations/violation_20241119_084537.jpg
2024-11-19 08:45:37,577 - INFO - [1332016979.py:212] - Violation saved: mask_violations/violation_20241119_084537.jpg
2024-11-19 08:45:37,664 - INFO - [1332016979.py:212] - Violation saved: mask_violations/violation_20241119_084537.jpg
2024-11-19 08:45:37,745 - INFO - [1332016979.py:212] - Violation saved: mask_violations/violation_20241119_084537.jpg
2024-11-19 08:45:37,827 - INFO - [1332016979.py:212] - Violation saved: mask_violations/violation_20241119_084537.jpg
2024-11-19 08:45:37,919 - INFO - [1332016979.py:212] - Violation saved: mask_violations/violation_20241119_084537.jpg
2024-11-19 08:45:38,010 - INFO - [1332016979.py:212] - Violation saved: mask_violations/violation_20241119_084538.jpg
2024-11-19 08:45:38,088 - INFO - [1332016979.py:212] - Violation saved: mask_violations/violation_20241119_084538.jpg
2024-11-19 08:45:38,165 - INFO - [1332016979.py:212] - Violation saved: mask_violations/violation_20241119_084538.jpg
2024-11-19 08:45:38,245 - INFO - [1332016979.py:212] - Violation saved: mask_violations/violation_20241119_084538.jpg
2024-11-19 08:45:38,326 - INFO - [1332016979.py:212] - Violation saved: mask_violations/violation_20241119_084538.jpg
2024-11-19 08:45:38,415 - INFO - [1332016979.py:212] - Violation saved: mask_violations/violation_20241119_084538.jpg
2024-11-19 08:45:38,493 - INFO - [1332016979.py:212] - Violation saved: mask_violations/violation_20241119_084538.jpg
2024-11-19 08:45:38,575 - INFO - [1332016979.py:212] - Violation saved: mask_violations/violation_20241119_084538.jpg
2024-11-19 08:45:38,668 - INFO - [1332016979.py:212] - Violation saved: mask_violations/violation_20241119_084538.jpg
2024-11-19 08:45:38,747 - INFO - [1332016979.py:212] - Violation saved: mask_violations/violation_20241119_084538.jpg
2024-11-19 08:45:38,825 - INFO - [1332016979.py:212] - Violation saved: mask_violations/violation_20241119_084538.jpg
2024-11-19 08:45:38,906 - INFO - [1332016979.py:212] - Violation saved: mask_violations/violation_20241119_084538.jpg
2024-11-19 08:45:39,000 - INFO - [1332016979.py:212] - Violation saved: mask_violations/violation_20241119_084538.jpg
2024-11-19 08:45:39,088 - INFO - [1332016979.py:212] - Violation saved: mask_violations/violation_20241119_084539.jpg
2024-11-19 08:45:39,179 - INFO - [1332016979.py:212] - Violation saved: mask_violations/violation_20241119_084539.jpg
2024-11-19 08:45:39,277 - INFO - [1332016979.py:212] - Violation saved: mask_violations/violation_20241119_084539.jpg
2024-11-19 08:45:39,382 - INFO - [1332016979.py:212] - Violation saved: mask_violations/violation_20241119_084539.jpg
2024-11-19 08:45:39,466 - INFO - [1332016979.py:212] - Violation saved: mask_violations/violation_20241119_084539.jpg
2024-11-19 08:45:39,556 - INFO - [1332016979.py:212] - Violation saved: mask_violations/violation_20241119_084539.jpg
2024-11-19 08:45:39,641 - INFO - [1332016979.py:212] - Violation saved: mask_violations/violation_20241119_084539.jpg
2024-11-19 08:45:39,729 - INFO - [1332016979.py:212] - Violation saved: mask_violations/violation_20241119_084539.jpg
2024-11-19 08:45:39,813 - INFO - [1332016979.py:212] - Violation saved: mask_violations/violation_20241119_084539.jpg
2024-11-19 08:45:39,908 - INFO - [1332016979.py:212] - Violation saved: mask_violations/violation_20241119_084539.jpg
2024-11-19 08:45:40,013 - INFO - [1332016979.py:212] - Violation saved: mask_violations/violation_20241119_084540.jpg
2024-11-19 08:45:40,113 - INFO - [1332016979.py:212] - Violation saved: mask_violations/violation_20241119_084540.jpg
2024-11-19 08:45:40,213 - INFO - [1332016979.py:212] - Violation saved: mask_violations/violation_20241119_084540.jpg
2024-11-19 08:45:40,296 - INFO - [1332016979.py:212] - Violation saved: mask_violations/violation_20241119_084540.jpg
2024-11-19 08:45:40,391 - INFO - [1332016979.py:212] - Violation saved: mask_violations/violation_20241119_084540.jpg
2024-11-19 08:45:40,479 - INFO - [1332016979.py:212] - Violation saved: mask_violations/violation_20241119_084540.jpg
2024-11-19 08:45:40,556 - INFO - [1332016979.py:212] - Violation saved: mask_violations/violation_20241119_084540.jpg
2024-11-19 08:45:40,632 - INFO - [1332016979.py:212] - Violation saved: mask_violations/violation_20241119_084540.jpg
2024-11-19 08:45:40,718 - INFO - [1332016979.py:212] - Violation saved: mask_violations/violation_20241119_084540.jpg
2024-11-19 08:45:40,813 - INFO - [1332016979.py:212] - Violation saved: mask_violations/violation_20241119_084540.jpg
2024-11-19 08:45:40,900 - INFO - [1332016979.py:212] - Violation saved: mask_violations/violation_20241119_084540.jpg
2024-11-19 08:45:40,999 - INFO - [1332016979.py:212] - Violation saved: mask_violations/violation_20241119_084540.jpg
2024-11-19 08:45:41,104 - INFO - [1332016979.py:212] - Violation saved: mask_violations/violation_20241119_084541.jpg
2024-11-19 08:45:41,201 - INFO - [1332016979.py:212] - Violation saved: mask_violations/violation_20241119_084541.jpg
2024-11-19 08:45:41,298 - INFO - [1332016979.py:212] - Violation saved: mask_violations/violation_20241119_084541.jpg
2024-11-19 08:45:41,397 - INFO - [1332016979.py:212] - Violation saved: mask_violations/violation_20241119_084541.jpg
2024-11-19 08:45:41,485 - INFO - [1332016979.py:212] - Violation saved: mask_violations/violation_20241119_084541.jpg
2024-11-19 08:45:41,573 - INFO - [1332016979.py:212] - Violation saved: mask_violations/violation_20241119_084541.jpg
2024-11-19 08:45:41,653 - INFO - [1332016979.py:212] - Violation saved: mask_violations/violation_20241119_084541.jpg
2024-11-19 08:45:41,748 - INFO - [1332016979.py:212] - Violation saved: mask_violations/violation_20241119_084541.jpg
2024-11-19 08:45:41,840 - INFO - [1332016979.py:212] - Violation saved: mask_violations/violation_20241119_084541.jpg
2024-11-19 08:45:41,928 - INFO - [1332016979.py:212] - Violation saved: mask_violations/violation_20241119_084541.jpg
2024-11-19 08:45:42,019 - INFO - [1332016979.py:212] - Violation saved: mask_violations/violation_20241119_084542.jpg
2024-11-19 08:45:42,128 - INFO - [1332016979.py:212] - Violation saved: mask_violations/violation_20241119_084542.jpg
2024-11-19 08:45:42,232 - INFO - [1332016979.py:212] - Violation saved: mask_violations/violation_20241119_084542.jpg
2024-11-19 08:45:42,322 - INFO - [1332016979.py:212] - Violation saved: mask_violations/violation_20241119_084542.jpg
2024-11-19 08:45:42,415 - INFO - [1332016979.py:212] - Violation saved: mask_violations/violation_20241119_084542.jpg
2024-11-19 08:45:42,506 - INFO - [1332016979.py:212] - Violation saved: mask_violations/violation_20241119_084542.jpg
2024-11-19 08:45:42,587 - INFO - [1332016979.py:212] - Violation saved: mask_violations/violation_20241119_084542.jpg
2024-11-19 08:45:42,693 - INFO - [1332016979.py:212] - Violation saved: mask_violations/violation_20241119_084542.jpg
2024-11-19 08:45:42,782 - INFO - [1332016979.py:212] - Violation saved: mask_violations/violation_20241119_084542.jpg
2024-11-19 08:45:42,881 - INFO - [1332016979.py:212] - Violation saved: mask_violations/violation_20241119_084542.jpg
2024-11-19 08:45:42,978 - INFO - [1332016979.py:212] - Violation saved: mask_violations/violation_20241119_084542.jpg
2024-11-19 08:45:43,080 - INFO - [1332016979.py:212] - Violation saved: mask_violations/violation_20241119_084543.jpg
2024-11-19 08:45:43,415 - INFO - [1332016979.py:212] - Violation saved: mask_violations/violation_20241119_084543.jpg
2024-11-19 08:45:43,525 - INFO - [1332016979.py:212] - Violation saved: mask_violations/violation_20241119_084543.jpg
2024-11-19 08:45:43,632 - INFO - [1332016979.py:212] - Violation saved: mask_violations/violation_20241119_084543.jpg
2024-11-19 08:45:43,735 - INFO - [1332016979.py:212] - Violation saved: mask_violations/violation_20241119_084543.jpg
2024-11-19 08:45:43,830 - INFO - [1332016979.py:212] - Violation saved: mask_violations/violation_20241119_084543.jpg
2024-11-19 08:45:43,929 - INFO - [1332016979.py:212] - Violation saved: mask_violations/violation_20241119_084543.jpg
2024-11-19 08:45:44,036 - INFO - [1332016979.py:212] - Violation saved: mask_violations/violation_20241119_084544.jpg
2024-11-19 08:45:44,139 - INFO - [1332016979.py:212] - Violation saved: mask_violations/violation_20241119_084544.jpg
2024-11-19 08:45:44,235 - INFO - [1332016979.py:212] - Violation saved: mask_violations/violation_20241119_084544.jpg
2024-11-19 08:45:44,330 - INFO - [1332016979.py:212] - Violation saved: mask_violations/violation_20241119_084544.jpg
2024-11-19 08:45:44,427 - INFO - [1332016979.py:212] - Violation saved: mask_violations/violation_20241119_084544.jpg
2024-11-19 08:45:44,531 - INFO - [1332016979.py:212] - Violation saved: mask_violations/violation_20241119_084544.jpg
2024-11-19 08:45:44,623 - INFO - [1332016979.py:212] - Violation saved: mask_violations/violation_20241119_084544.jpg
2024-11-19 08:45:44,718 - INFO - [1332016979.py:212] - Violation saved: mask_violations/violation_20241119_084544.jpg
2024-11-19 08:45:44,816 - INFO - [1332016979.py:212] - Violation saved: mask_violations/violation_20241119_084544.jpg
2024-11-19 08:45:44,913 - INFO - [1332016979.py:212] - Violation saved: mask_violations/violation_20241119_084544.jpg
2024-11-19 08:45:45,016 - INFO - [1332016979.py:212] - Violation saved: mask_violations/violation_20241119_084545.jpg
2024-11-19 08:45:45,106 - INFO - [1332016979.py:212] - Violation saved: mask_violations/violation_20241119_084545.jpg
2024-11-19 08:45:45,205 - INFO - [1332016979.py:212] - Violation saved: mask_violations/violation_20241119_084545.jpg
2024-11-19 08:45:45,314 - INFO - [1332016979.py:212] - Violation saved: mask_violations/violation_20241119_084545.jpg
2024-11-19 08:45:45,423 - INFO - [1332016979.py:212] - Violation saved: mask_violations/violation_20241119_084545.jpg
2024-11-19 08:45:45,524 - INFO - [1332016979.py:212] - Violation saved: mask_violations/violation_20241119_084545.jpg
2024-11-19 08:45:45,623 - INFO - [1332016979.py:212] - Violation saved: mask_violations/violation_20241119_084545.jpg
2024-11-19 08:45:45,733 - INFO - [1332016979.py:212] - Violation saved: mask_violations/violation_20241119_084545.jpg
2024-11-19 08:45:45,842 - INFO - [1332016979.py:212] - Violation saved: mask_violations/violation_20241119_084545.jpg
2024-11-19 08:45:45,948 - INFO - [1332016979.py:212] - Violation saved: mask_violations/violation_20241119_084545.jpg
2024-11-19 08:45:46,057 - INFO - [1332016979.py:212] - Violation saved: mask_violations/violation_20241119_084546.jpg
2024-11-19 08:45:46,192 - INFO - [1332016979.py:212] - Violation saved: mask_violations/violation_20241119_084546.jpg
2024-11-19 08:45:46,322 - INFO - [1332016979.py:212] - Violation saved: mask_violations/violation_20241119_084546.jpg
2024-11-19 08:45:46,421 - INFO - [1332016979.py:212] - Violation saved: mask_violations/violation_20241119_084546.jpg
2024-11-19 08:45:46,550 - INFO - [1332016979.py:212] - Violation saved: mask_violations/violation_20241119_084546.jpg
2024-11-19 08:45:46,634 - INFO - [1332016979.py:212] - Violation saved: mask_violations/violation_20241119_084546.jpg
2024-11-19 08:45:46,767 - INFO - [1332016979.py:212] - Violation saved: mask_violations/violation_20241119_084546.jpg
2024-11-19 08:45:46,845 - INFO - [1332016979.py:212] - Violation saved: mask_violations/violation_20241119_084546.jpg
2024-11-19 08:45:46,960 - INFO - [1332016979.py:212] - Violation saved: mask_violations/violation_20241119_084546.jpg
2024-11-19 08:45:47,032 - INFO - [1332016979.py:212] - Violation saved: mask_violations/violation_20241119_084547.jpg
2024-11-19 08:45:47,151 - INFO - [1332016979.py:212] - Violation saved: mask_violations/violation_20241119_084547.jpg
2024-11-19 08:45:47,240 - INFO - [1332016979.py:212] - Violation saved: mask_violations/violation_20241119_084547.jpg
2024-11-19 08:45:47,364 - INFO - [1332016979.py:212] - Violation saved: mask_violations/violation_20241119_084547.jpg
2024-11-19 08:45:47,442 - INFO - [1332016979.py:212] - Violation saved: mask_violations/violation_20241119_084547.jpg
2024-11-19 08:45:47,559 - INFO - [1332016979.py:212] - Violation saved: mask_violations/violation_20241119_084547.jpg
2024-11-19 08:45:47,644 - INFO - [1332016979.py:212] - Violation saved: mask_violations/violation_20241119_084547.jpg
2024-11-19 08:45:47,760 - INFO - [1332016979.py:212] - Violation saved: mask_violations/violation_20241119_084547.jpg
2024-11-19 08:45:47,846 - INFO - [1332016979.py:212] - Violation saved: mask_violations/violation_20241119_084547.jpg
2024-11-19 08:45:47,961 - INFO - [1332016979.py:212] - Violation saved: mask_violations/violation_20241119_084547.jpg
2024-11-19 08:45:48,050 - INFO - [1332016979.py:212] - Violation saved: mask_violations/violation_20241119_084548.jpg
2024-11-19 08:45:48,159 - INFO - [1332016979.py:212] - Violation saved: mask_violations/violation_20241119_084548.jpg
2024-11-19 08:45:48,277 - INFO - [1332016979.py:212] - Violation saved: mask_violations/violation_20241119_084548.jpg
2024-11-19 08:45:48,386 - INFO - [1332016979.py:212] - Violation saved: mask_violations/violation_20241119_084548.jpg
2024-11-19 08:45:48,470 - INFO - [1332016979.py:212] - Violation saved: mask_violations/violation_20241119_084548.jpg
2024-11-19 08:45:48,549 - INFO - [1332016979.py:212] - Violation saved: mask_violations/violation_20241119_084548.jpg
2024-11-19 08:45:48,628 - INFO - [1332016979.py:212] - Violation saved: mask_violations/violation_20241119_084548.jpg
2024-11-19 08:45:48,702 - INFO - [1332016979.py:212] - Violation saved: mask_violations/violation_20241119_084548.jpg
2024-11-19 08:45:48,781 - INFO - [1332016979.py:212] - Violation saved: mask_violations/violation_20241119_084548.jpg
2024-11-19 08:45:48,860 - INFO - [1332016979.py:212] - Violation saved: mask_violations/violation_20241119_084548.jpg
2024-11-19 08:45:48,942 - INFO - [1332016979.py:212] - Violation saved: mask_violations/violation_20241119_084548.jpg
2024-11-19 08:45:49,037 - INFO - [1332016979.py:212] - Violation saved: mask_violations/violation_20241119_084549.jpg
2024-11-19 08:45:49,122 - INFO - [1332016979.py:212] - Violation saved: mask_violations/violation_20241119_084549.jpg
2024-11-19 08:45:49,202 - INFO - [1332016979.py:212] - Violation saved: mask_violations/violation_20241119_084549.jpg
2024-11-19 08:45:49,280 - INFO - [1332016979.py:212] - Violation saved: mask_violations/violation_20241119_084549.jpg
2024-11-19 08:45:49,358 - INFO - [1332016979.py:212] - Violation saved: mask_violations/violation_20241119_084549.jpg
2024-11-19 08:45:49,437 - INFO - [1332016979.py:212] - Violation saved: mask_violations/violation_20241119_084549.jpg
2024-11-19 08:45:49,516 - INFO - [1332016979.py:212] - Violation saved: mask_violations/violation_20241119_084549.jpg
2024-11-19 08:45:49,595 - INFO - [1332016979.py:212] - Violation saved: mask_violations/violation_20241119_084549.jpg
2024-11-19 08:45:49,689 - INFO - [1332016979.py:212] - Violation saved: mask_violations/violation_20241119_084549.jpg
2024-11-19 08:45:49,766 - INFO - [1332016979.py:212] - Violation saved: mask_violations/violation_20241119_084549.jpg
2024-11-19 08:45:49,843 - INFO - [1332016979.py:212] - Violation saved: mask_violations/violation_20241119_084549.jpg
2024-11-19 08:45:49,936 - INFO - [1332016979.py:212] - Violation saved: mask_violations/violation_20241119_084549.jpg
2024-11-19 08:45:50,036 - INFO - [1332016979.py:212] - Violation saved: mask_violations/violation_20241119_084550.jpg
2024-11-19 08:45:50,136 - INFO - [1332016979.py:212] - Violation saved: mask_violations/violation_20241119_084550.jpg
2024-11-19 08:45:50,234 - INFO - [1332016979.py:212] - Violation saved: mask_violations/violation_20241119_084550.jpg
2024-11-19 08:45:50,328 - INFO - [1332016979.py:212] - Violation saved: mask_violations/violation_20241119_084550.jpg
2024-11-19 08:45:50,420 - INFO - [1332016979.py:212] - Violation saved: mask_violations/violation_20241119_084550.jpg
2024-11-19 08:45:50,514 - INFO - [1332016979.py:212] - Violation saved: mask_violations/violation_20241119_084550.jpg
2024-11-19 08:45:50,606 - INFO - [1332016979.py:212] - Violation saved: mask_violations/violation_20241119_084550.jpg
2024-11-19 08:45:50,699 - INFO - [1332016979.py:212] - Violation saved: mask_violations/violation_20241119_084550.jpg
2024-11-19 08:45:50,795 - INFO - [1332016979.py:212] - Violation saved: mask_violations/violation_20241119_084550.jpg
2024-11-19 08:45:50,887 - INFO - [1332016979.py:212] - Violation saved: mask_violations/violation_20241119_084550.jpg
2024-11-19 08:45:50,979 - INFO - [1332016979.py:212] - Violation saved: mask_violations/violation_20241119_084550.jpg
2024-11-19 08:45:51,071 - INFO - [1332016979.py:212] - Violation saved: mask_violations/violation_20241119_084551.jpg
2024-11-19 08:45:51,155 - INFO - [1332016979.py:212] - Violation saved: mask_violations/violation_20241119_084551.jpg
2024-11-19 08:45:51,266 - INFO - [1332016979.py:212] - Violation saved: mask_violations/violation_20241119_084551.jpg
2024-11-19 08:45:51,364 - INFO - [1332016979.py:212] - Violation saved: mask_violations/violation_20241119_084551.jpg
2024-11-19 08:45:51,462 - INFO - [1332016979.py:212] - Violation saved: mask_violations/violation_20241119_084551.jpg
2024-11-19 08:45:51,557 - INFO - [1332016979.py:212] - Violation saved: mask_violations/violation_20241119_084551.jpg
2024-11-19 08:45:51,634 - INFO - [1332016979.py:212] - Violation saved: mask_violations/violation_20241119_084551.jpg
2024-11-19 08:45:51,714 - INFO - [1332016979.py:212] - Violation saved: mask_violations/violation_20241119_084551.jpg
2024-11-19 08:45:51,788 - INFO - [1332016979.py:212] - Violation saved: mask_violations/violation_20241119_084551.jpg
2024-11-19 08:45:51,867 - INFO - [1332016979.py:212] - Violation saved: mask_violations/violation_20241119_084551.jpg
2024-11-19 08:45:51,944 - INFO - [1332016979.py:212] - Violation saved: mask_violations/violation_20241119_084551.jpg
2024-11-19 08:45:52,026 - INFO - [1332016979.py:212] - Violation saved: mask_violations/violation_20241119_084552.jpg
2024-11-19 08:45:52,099 - INFO - [1332016979.py:212] - Violation saved: mask_violations/violation_20241119_084552.jpg
2024-11-19 08:45:52,177 - INFO - [1332016979.py:212] - Violation saved: mask_violations/violation_20241119_084552.jpg
2024-11-19 08:45:52,261 - INFO - [1332016979.py:212] - Violation saved: mask_violations/violation_20241119_084552.jpg
2024-11-19 08:45:52,340 - INFO - [1332016979.py:212] - Violation saved: mask_violations/violation_20241119_084552.jpg
2024-11-19 08:45:52,415 - INFO - [1332016979.py:212] - Violation saved: mask_violations/violation_20241119_084552.jpg
2024-11-19 08:45:52,489 - INFO - [1332016979.py:212] - Violation saved: mask_violations/violation_20241119_084552.jpg
2024-11-19 08:45:52,569 - INFO - [1332016979.py:212] - Violation saved: mask_violations/violation_20241119_084552.jpg
2024-11-19 08:45:52,649 - INFO - [1332016979.py:212] - Violation saved: mask_violations/violation_20241119_084552.jpg
2024-11-19 08:45:52,725 - INFO - [1332016979.py:212] - Violation saved: mask_violations/violation_20241119_084552.jpg
2024-11-19 08:45:52,807 - INFO - [1332016979.py:212] - Violation saved: mask_violations/violation_20241119_084552.jpg
2024-11-19 08:45:52,901 - INFO - [1332016979.py:212] - Violation saved: mask_violations/violation_20241119_084552.jpg
2024-11-19 08:45:52,978 - INFO - [1332016979.py:212] - Violation saved: mask_violations/violation_20241119_084552.jpg
2024-11-19 08:45:53,056 - INFO - [1332016979.py:212] - Violation saved: mask_violations/violation_20241119_084553.jpg
2024-11-19 08:45:53,138 - INFO - [1332016979.py:212] - Violation saved: mask_violations/violation_20241119_084553.jpg
2024-11-19 08:45:53,210 - INFO - [1332016979.py:212] - Violation saved: mask_violations/violation_20241119_084553.jpg
2024-11-19 08:45:53,290 - INFO - [1332016979.py:212] - Violation saved: mask_violations/violation_20241119_084553.jpg
2024-11-19 08:45:53,380 - INFO - [1332016979.py:212] - Violation saved: mask_violations/violation_20241119_084553.jpg
2024-11-19 08:45:53,481 - INFO - [1332016979.py:212] - Violation saved: mask_violations/violation_20241119_084553.jpg
2024-11-19 08:45:53,582 - INFO - [1332016979.py:212] - Violation saved: mask_violations/violation_20241119_084553.jpg
2024-11-19 08:45:53,678 - INFO - [1332016979.py:212] - Violation saved: mask_violations/violation_20241119_084553.jpg
2024-11-19 08:45:53,770 - INFO - [1332016979.py:212] - Violation saved: mask_violations/violation_20241119_084553.jpg
2024-11-19 08:45:54,240 - INFO - [1332016979.py:212] - Violation saved: mask_violations/violation_20241119_084554.jpg
2024-11-19 08:45:54,516 - INFO - [1332016979.py:212] - Violation saved: mask_violations/violation_20241119_084554.jpg
2024-11-19 08:45:55,263 - INFO - [1332016979.py:212] - Violation saved: mask_violations/violation_20241119_084555.jpg
2024-11-19 08:45:56,075 - INFO - [1332016979.py:212] - Violation saved: mask_violations/violation_20241119_084556.jpg
2024-11-19 08:45:56,153 - INFO - [1332016979.py:212] - Violation saved: mask_violations/violation_20241119_084556.jpg
2024-11-19 08:45:56,228 - INFO - [1332016979.py:212] - Violation saved: mask_violations/violation_20241119_084556.jpg
2024-11-19 08:45:56,313 - INFO - [1332016979.py:212] - Violation saved: mask_violations/violation_20241119_084556.jpg
2024-11-19 08:45:56,391 - INFO - [1332016979.py:212] - Violation saved: mask_violations/violation_20241119_084556.jpg
2024-11-19 08:45:56,481 - INFO - [1332016979.py:212] - Violation saved: mask_violations/violation_20241119_084556.jpg
2024-11-19 08:45:56,561 - INFO - [1332016979.py:212] - Violation saved: mask_violations/violation_20241119_084556.jpg
2024-11-19 08:45:56,638 - INFO - [1332016979.py:212] - Violation saved: mask_violations/violation_20241119_084556.jpg
2024-11-19 08:45:56,715 - INFO - [1332016979.py:212] - Violation saved: mask_violations/violation_20241119_084556.jpg
2024-11-19 08:45:56,794 - INFO - [1332016979.py:212] - Violation saved: mask_violations/violation_20241119_084556.jpg
2024-11-19 08:45:56,867 - INFO - [1332016979.py:212] - Violation saved: mask_violations/violation_20241119_084556.jpg
2024-11-19 08:45:56,947 - INFO - [1332016979.py:212] - Violation saved: mask_violations/violation_20241119_084556.jpg
2024-11-19 08:45:57,023 - INFO - [1332016979.py:212] - Violation saved: mask_violations/violation_20241119_084557.jpg
2024-11-19 08:45:57,104 - INFO - [1332016979.py:212] - Violation saved: mask_violations/violation_20241119_084557.jpg
2024-11-19 08:45:57,181 - INFO - [1332016979.py:212] - Violation saved: mask_violations/violation_20241119_084557.jpg
2024-11-19 08:45:57,258 - INFO - [1332016979.py:212] - Violation saved: mask_violations/violation_20241119_084557.jpg
2024-11-19 08:45:57,339 - INFO - [1332016979.py:212] - Violation saved: mask_violations/violation_20241119_084557.jpg
2024-11-19 08:45:57,804 - INFO - [1332016979.py:212] - Violation saved: mask_violations/violation_20241119_084557.jpg
2024-11-19 08:45:57,880 - INFO - [1332016979.py:212] - Violation saved: mask_violations/violation_20241119_084557.jpg
2024-11-19 08:45:57,958 - INFO - [1332016979.py:212] - Violation saved: mask_violations/violation_20241119_084557.jpg
2024-11-19 08:45:58,037 - INFO - [1332016979.py:212] - Violation saved: mask_violations/violation_20241119_084558.jpg
2024-11-19 08:45:58,114 - INFO - [1332016979.py:212] - Violation saved: mask_violations/violation_20241119_084558.jpg
2024-11-19 08:45:58,192 - INFO - [1332016979.py:212] - Violation saved: mask_violations/violation_20241119_084558.jpg
2024-11-19 08:45:58,273 - INFO - [1332016979.py:212] - Violation saved: mask_violations/violation_20241119_084558.jpg
2024-11-19 08:45:58,348 - INFO - [1332016979.py:212] - Violation saved: mask_violations/violation_20241119_084558.jpg
2024-11-19 08:45:58,428 - INFO - [1332016979.py:212] - Violation saved: mask_violations/violation_20241119_084558.jpg
2024-11-19 08:45:58,507 - INFO - [1332016979.py:212] - Violation saved: mask_violations/violation_20241119_084558.jpg
2024-11-19 08:45:58,586 - INFO - [1332016979.py:212] - Violation saved: mask_violations/violation_20241119_084558.jpg
2024-11-19 08:45:58,664 - INFO - [1332016979.py:212] - Violation saved: mask_violations/violation_20241119_084558.jpg
2024-11-19 08:45:58,740 - INFO - [1332016979.py:212] - Violation saved: mask_violations/violation_20241119_084558.jpg
2024-11-19 08:45:58,820 - INFO - [1332016979.py:212] - Violation saved: mask_violations/violation_20241119_084558.jpg
2024-11-19 08:45:59,611 - INFO - [1332016979.py:212] - Violation saved: mask_violations/violation_20241119_084559.jpg
2024-11-19 08:45:59,688 - INFO - [1332016979.py:212] - Violation saved: mask_violations/violation_20241119_084559.jpg
2024-11-19 08:45:59,769 - INFO - [1332016979.py:212] - Violation saved: mask_violations/violation_20241119_084559.jpg
2024-11-19 08:45:59,846 - INFO - [1332016979.py:212] - Violation saved: mask_violations/violation_20241119_084559.jpg
2024-11-19 08:45:59,924 - INFO - [1332016979.py:212] - Violation saved: mask_violations/violation_20241119_084559.jpg
2024-11-19 08:46:00,004 - INFO - [1332016979.py:212] - Violation saved: mask_violations/violation_20241119_084600.jpg
2024-11-19 08:46:00,079 - INFO - [1332016979.py:212] - Violation saved: mask_violations/violation_20241119_084600.jpg
2024-11-19 08:46:00,161 - INFO - [1332016979.py:212] - Violation saved: mask_violations/violation_20241119_084600.jpg
2024-11-19 08:46:00,379 - INFO - [1332016979.py:212] - Violation saved: mask_violations/violation_20241119_084600.jpg
2024-11-19 08:46:00,458 - INFO - [1332016979.py:212] - Violation saved: mask_violations/violation_20241119_084600.jpg
2024-11-19 08:46:00,533 - INFO - [1332016979.py:212] - Violation saved: mask_violations/violation_20241119_084600.jpg
2024-11-19 08:46:00,613 - INFO - [1332016979.py:212] - Violation saved: mask_violations/violation_20241119_084600.jpg
2024-11-19 08:46:00,694 - INFO - [1332016979.py:212] - Violation saved: mask_violations/violation_20241119_084600.jpg
2024-11-19 08:46:00,774 - INFO - [1332016979.py:212] - Violation saved: mask_violations/violation_20241119_084600.jpg
2024-11-19 08:46:00,873 - INFO - [1332016979.py:212] - Violation saved: mask_violations/violation_20241119_084600.jpg
2024-11-19 08:46:00,965 - INFO - [1332016979.py:212] - Violation saved: mask_violations/violation_20241119_084600.jpg
2024-11-19 08:46:01,047 - INFO - [1332016979.py:212] - Violation saved: mask_violations/violation_20241119_084601.jpg
2024-11-19 08:46:01,131 - INFO - [1332016979.py:212] - Violation saved: mask_violations/violation_20241119_084601.jpg
2024-11-19 08:46:01,226 - INFO - [1332016979.py:212] - Violation saved: mask_violations/violation_20241119_084601.jpg
2024-11-19 08:46:01,302 - INFO - [1332016979.py:212] - Violation saved: mask_violations/violation_20241119_084601.jpg
2024-11-19 08:46:01,399 - INFO - [1332016979.py:212] - Violation saved: mask_violations/violation_20241119_084601.jpg
2024-11-19 08:46:01,474 - INFO - [1332016979.py:212] - Violation saved: mask_violations/violation_20241119_084601.jpg
2024-11-19 08:46:01,550 - INFO - [1332016979.py:212] - Violation saved: mask_violations/violation_20241119_084601.jpg
2024-11-19 08:46:01,628 - INFO - [1332016979.py:212] - Violation saved: mask_violations/violation_20241119_084601.jpg
2024-11-19 08:46:01,704 - INFO - [1332016979.py:212] - Violation saved: mask_violations/violation_20241119_084601.jpg
2024-11-19 08:46:01,783 - INFO - [1332016979.py:212] - Violation saved: mask_violations/violation_20241119_084601.jpg
2024-11-19 08:46:01,860 - INFO - [1332016979.py:212] - Violation saved: mask_violations/violation_20241119_084601.jpg
2024-11-19 08:46:01,940 - INFO - [1332016979.py:212] - Violation saved: mask_violations/violation_20241119_084601.jpg
2024-11-19 08:46:02,016 - INFO - [1332016979.py:212] - Violation saved: mask_violations/violation_20241119_084602.jpg
2024-11-19 08:46:02,113 - INFO - [1332016979.py:212] - Violation saved: mask_violations/violation_20241119_084602.jpg
2024-11-19 08:46:02,207 - INFO - [1332016979.py:212] - Violation saved: mask_violations/violation_20241119_084602.jpg
2024-11-19 08:46:02,284 - INFO - [1332016979.py:212] - Violation saved: mask_violations/violation_20241119_084602.jpg
2024-11-19 08:46:02,367 - INFO - [1332016979.py:212] - Violation saved: mask_violations/violation_20241119_084602.jpg
2024-11-19 08:46:02,443 - INFO - [1332016979.py:212] - Violation saved: mask_violations/violation_20241119_084602.jpg
2024-11-19 08:46:02,520 - INFO - [1332016979.py:212] - Violation saved: mask_violations/violation_20241119_084602.jpg
2024-11-19 08:46:02,615 - INFO - [1332016979.py:212] - Violation saved: mask_violations/violation_20241119_084602.jpg
2024-11-19 08:46:02,686 - INFO - [1332016979.py:212] - Violation saved: mask_violations/violation_20241119_084602.jpg
2024-11-19 08:46:02,765 - INFO - [1332016979.py:212] - Violation saved: mask_violations/violation_20241119_084602.jpg
2024-11-19 08:46:02,844 - INFO - [1332016979.py:212] - Violation saved: mask_violations/violation_20241119_084602.jpg
2024-11-19 08:46:02,923 - INFO - [1332016979.py:212] - Violation saved: mask_violations/violation_20241119_084602.jpg
2024-11-19 08:46:03,002 - INFO - [1332016979.py:212] - Violation saved: mask_violations/violation_20241119_084603.jpg
2024-11-19 08:46:03,096 - INFO - [1332016979.py:212] - Violation saved: mask_violations/violation_20241119_084603.jpg
2024-11-19 08:46:03,172 - INFO - [1332016979.py:212] - Violation saved: mask_violations/violation_20241119_084603.jpg
2024-11-19 08:46:03,249 - INFO - [1332016979.py:212] - Violation saved: mask_violations/violation_20241119_084603.jpg
2024-11-19 08:46:03,480 - INFO - [1332016979.py:212] - Violation saved: mask_violations/violation_20241119_084603.jpg
2024-11-19 08:46:03,561 - INFO - [1332016979.py:212] - Violation saved: mask_violations/violation_20241119_084603.jpg
2024-11-19 08:46:03,638 - INFO - [1332016979.py:212] - Violation saved: mask_violations/violation_20241119_084603.jpg
2024-11-19 08:46:03,720 - INFO - [1332016979.py:212] - Violation saved: mask_violations/violation_20241119_084603.jpg
2024-11-19 08:46:03,796 - INFO - [1332016979.py:212] - Violation saved: mask_violations/violation_20241119_084603.jpg
2024-11-19 08:46:03,874 - INFO - [1332016979.py:212] - Violation saved: mask_violations/violation_20241119_084603.jpg
2024-11-19 08:46:03,949 - INFO - [1332016979.py:212] - Violation saved: mask_violations/violation_20241119_084603.jpg
2024-11-19 08:46:04,031 - INFO - [1332016979.py:212] - Violation saved: mask_violations/violation_20241119_084604.jpg
2024-11-19 08:46:04,107 - INFO - [1332016979.py:212] - Violation saved: mask_violations/violation_20241119_084604.jpg
2024-11-19 08:46:04,189 - INFO - [1332016979.py:212] - Violation saved: mask_violations/violation_20241119_084604.jpg
2024-11-19 08:46:04,267 - INFO - [1332016979.py:212] - Violation saved: mask_violations/violation_20241119_084604.jpg
2024-11-19 08:46:04,363 - INFO - [1332016979.py:212] - Violation saved: mask_violations/violation_20241119_084604.jpg
2024-11-19 08:46:04,479 - INFO - [1332016979.py:212] - Violation saved: mask_violations/violation_20241119_084604.jpg
2024-11-19 08:46:04,584 - INFO - [1332016979.py:212] - Violation saved: mask_violations/violation_20241119_084604.jpg
2024-11-19 08:46:04,671 - INFO - [1332016979.py:212] - Violation saved: mask_violations/violation_20241119_084604.jpg
2024-11-19 08:46:04,747 - INFO - [1332016979.py:212] - Violation saved: mask_violations/violation_20241119_084604.jpg
2024-11-19 08:46:05,300 - INFO - [1332016979.py:212] - Violation saved: mask_violations/violation_20241119_084605.jpg
2024-11-19 08:46:05,377 - INFO - [1332016979.py:212] - Violation saved: mask_violations/violation_20241119_084605.jpg
2024-11-19 08:46:05,457 - INFO - [1332016979.py:212] - Violation saved: mask_violations/violation_20241119_084605.jpg
2024-11-19 08:46:05,532 - INFO - [1332016979.py:212] - Violation saved: mask_violations/violation_20241119_084605.jpg
2024-11-19 08:46:05,613 - INFO - [1332016979.py:212] - Violation saved: mask_violations/violation_20241119_084605.jpg
2024-11-19 08:46:05,696 - INFO - [1332016979.py:212] - Violation saved: mask_violations/violation_20241119_084605.jpg
2024-11-19 08:46:05,811 - INFO - [1332016979.py:212] - Violation saved: mask_violations/violation_20241119_084605.jpg
2024-11-19 08:46:05,895 - INFO - [1332016979.py:212] - Violation saved: mask_violations/violation_20241119_084605.jpg
2024-11-19 08:46:05,983 - INFO - [1332016979.py:212] - Violation saved: mask_violations/violation_20241119_084605.jpg
2024-11-19 08:46:06,062 - INFO - [1332016979.py:212] - Violation saved: mask_violations/violation_20241119_084606.jpg
2024-11-19 08:46:06,143 - INFO - [1332016979.py:212] - Violation saved: mask_violations/violation_20241119_084606.jpg
2024-11-19 08:46:06,221 - INFO - [1332016979.py:212] - Violation saved: mask_violations/violation_20241119_084606.jpg
2024-11-19 08:46:06,326 - INFO - [1332016979.py:212] - Violation saved: mask_violations/violation_20241119_084606.jpg
2024-11-19 08:46:06,407 - INFO - [1332016979.py:212] - Violation saved: mask_violations/violation_20241119_084606.jpg
2024-11-19 08:46:07,359 - INFO - [1332016979.py:212] - Violation saved: mask_violations/violation_20241119_084607.jpg
2024-11-19 08:46:07,532 - INFO - [1332016979.py:212] - Violation saved: mask_violations/violation_20241119_084607.jpg
2024-11-19 08:46:07,839 - INFO - [1332016979.py:212] - Violation saved: mask_violations/violation_20241119_084607.jpg
2024-11-19 08:46:07,997 - INFO - [1332016979.py:212] - Violation saved: mask_violations/violation_20241119_084607.jpg
2024-11-19 08:46:08,075 - INFO - [1332016979.py:212] - Violation saved: mask_violations/violation_20241119_084608.jpg
2024-11-19 08:46:08,152 - INFO - [1332016979.py:212] - Violation saved: mask_violations/violation_20241119_084608.jpg
2024-11-19 08:46:08,232 - INFO - [1332016979.py:212] - Violation saved: mask_violations/violation_20241119_084608.jpg
2024-11-19 08:46:08,460 - INFO - [1332016979.py:212] - Violation saved: mask_violations/violation_20241119_084608.jpg
2024-11-19 08:46:08,615 - INFO - [1332016979.py:212] - Violation saved: mask_violations/violation_20241119_084608.jpg
2024-11-19 08:46:08,859 - INFO - [1332016979.py:212] - Violation saved: mask_violations/violation_20241119_084608.jpg
2024-11-19 08:46:08,944 - INFO - [1332016979.py:212] - Violation saved: mask_violations/violation_20241119_084608.jpg
2024-11-19 08:46:09,100 - INFO - [1332016979.py:212] - Violation saved: mask_violations/violation_20241119_084609.jpg
2024-11-19 08:46:09,183 - INFO - [1332016979.py:212] - Violation saved: mask_violations/violation_20241119_084609.jpg
2024-11-19 08:46:09,260 - INFO - [1332016979.py:212] - Violation saved: mask_violations/violation_20241119_084609.jpg
2024-11-19 08:46:09,344 - INFO - [1332016979.py:212] - Violation saved: mask_violations/violation_20241119_084609.jpg
2024-11-19 08:46:09,429 - INFO - [1332016979.py:212] - Violation saved: mask_violations/violation_20241119_084609.jpg
2024-11-19 08:46:09,510 - INFO - [1332016979.py:212] - Violation saved: mask_violations/violation_20241119_084609.jpg
2024-11-19 08:46:09,584 - INFO - [1332016979.py:212] - Violation saved: mask_violations/violation_20241119_084609.jpg
2024-11-19 08:46:09,662 - INFO - [1332016979.py:212] - Violation saved: mask_violations/violation_20241119_084609.jpg
2024-11-19 08:46:09,741 - INFO - [1332016979.py:212] - Violation saved: mask_violations/violation_20241119_084609.jpg
2024-11-19 08:46:09,824 - INFO - [1332016979.py:212] - Violation saved: mask_violations/violation_20241119_084609.jpg
2024-11-19 08:46:09,915 - INFO - [1332016979.py:212] - Violation saved: mask_violations/violation_20241119_084609.jpg
2024-11-19 08:46:09,989 - INFO - [1332016979.py:212] - Violation saved: mask_violations/violation_20241119_084609.jpg
2024-11-19 08:46:10,070 - INFO - [1332016979.py:212] - Violation saved: mask_violations/violation_20241119_084610.jpg
2024-11-19 08:46:10,149 - INFO - [1332016979.py:212] - Violation saved: mask_violations/violation_20241119_084610.jpg
2024-11-19 08:46:10,225 - INFO - [1332016979.py:212] - Violation saved: mask_violations/violation_20241119_084610.jpg
2024-11-19 08:46:10,300 - INFO - [1332016979.py:212] - Violation saved: mask_violations/violation_20241119_084610.jpg
2024-11-19 08:46:10,378 - INFO - [1332016979.py:212] - Violation saved: mask_violations/violation_20241119_084610.jpg
2024-11-19 08:46:10,536 - INFO - [1332016979.py:212] - Violation saved: mask_violations/violation_20241119_084610.jpg
2024-11-19 08:46:10,641 - INFO - [1332016979.py:212] - Violation saved: mask_violations/violation_20241119_084610.jpg
2024-11-19 08:46:10,728 - INFO - [1332016979.py:212] - Violation saved: mask_violations/violation_20241119_084610.jpg
2024-11-19 08:46:10,810 - INFO - [1332016979.py:212] - Violation saved: mask_violations/violation_20241119_084610.jpg
2024-11-19 08:46:10,897 - INFO - [1332016979.py:212] - Violation saved: mask_violations/violation_20241119_084610.jpg
2024-11-19 08:46:10,980 - INFO - [1332016979.py:212] - Violation saved: mask_violations/violation_20241119_084610.jpg
2024-11-19 08:46:11,062 - INFO - [1332016979.py:212] - Violation saved: mask_violations/violation_20241119_084611.jpg
2024-11-19 08:46:11,150 - INFO - [1332016979.py:212] - Violation saved: mask_violations/violation_20241119_084611.jpg
2024-11-19 08:46:11,229 - INFO - [1332016979.py:212] - Violation saved: mask_violations/violation_20241119_084611.jpg
2024-11-19 08:46:11,309 - INFO - [1332016979.py:212] - Violation saved: mask_violations/violation_20241119_084611.jpg
2024-11-19 08:46:11,393 - INFO - [1332016979.py:212] - Violation saved: mask_violations/violation_20241119_084611.jpg
2024-11-19 08:46:11,478 - INFO - [1332016979.py:212] - Violation saved: mask_violations/violation_20241119_084611.jpg
2024-11-19 08:46:11,563 - INFO - [1332016979.py:212] - Violation saved: mask_violations/violation_20241119_084611.jpg
2024-11-19 08:46:11,657 - INFO - [1332016979.py:212] - Violation saved: mask_violations/violation_20241119_084611.jpg
2024-11-19 08:46:11,748 - INFO - [1332016979.py:212] - Violation saved: mask_violations/violation_20241119_084611.jpg
2024-11-19 08:46:11,842 - INFO - [1332016979.py:212] - Violation saved: mask_violations/violation_20241119_084611.jpg
2024-11-19 08:46:11,942 - INFO - [1332016979.py:212] - Violation saved: mask_violations/violation_20241119_084611.jpg
2024-11-19 08:46:12,068 - INFO - [1332016979.py:212] - Violation saved: mask_violations/violation_20241119_084612.jpg
2024-11-19 08:46:12,173 - INFO - [1332016979.py:212] - Violation saved: mask_violations/violation_20241119_084612.jpg
2024-11-19 08:46:12,284 - INFO - [1332016979.py:212] - Violation saved: mask_violations/violation_20241119_084612.jpg
2024-11-19 08:46:12,393 - INFO - [1332016979.py:212] - Violation saved: mask_violations/violation_20241119_084612.jpg
2024-11-19 08:46:12,484 - INFO - [1332016979.py:212] - Violation saved: mask_violations/violation_20241119_084612.jpg
2024-11-19 08:46:12,591 - INFO - [1332016979.py:212] - Violation saved: mask_violations/violation_20241119_084612.jpg
2024-11-19 08:46:12,676 - INFO - [1332016979.py:212] - Violation saved: mask_violations/violation_20241119_084612.jpg
2024-11-19 08:46:12,772 - INFO - [1332016979.py:212] - Violation saved: mask_violations/violation_20241119_084612.jpg
2024-11-19 08:46:12,869 - INFO - [1332016979.py:212] - Violation saved: mask_violations/violation_20241119_084612.jpg
2024-11-19 08:46:12,971 - INFO - [1332016979.py:212] - Violation saved: mask_violations/violation_20241119_084612.jpg
2024-11-19 08:46:13,055 - INFO - [1332016979.py:212] - Violation saved: mask_violations/violation_20241119_084613.jpg
2024-11-19 08:46:13,145 - INFO - [1332016979.py:212] - Violation saved: mask_violations/violation_20241119_084613.jpg
2024-11-19 08:46:13,225 - INFO - [1332016979.py:212] - Violation saved: mask_violations/violation_20241119_084613.jpg
2024-11-19 08:46:13,306 - INFO - [1332016979.py:212] - Violation saved: mask_violations/violation_20241119_084613.jpg
2024-11-19 08:46:13,390 - INFO - [1332016979.py:212] - Violation saved: mask_violations/violation_20241119_084613.jpg
2024-11-19 08:46:13,482 - INFO - [1332016979.py:212] - Violation saved: mask_violations/violation_20241119_084613.jpg
2024-11-19 08:46:13,582 - INFO - [1332016979.py:212] - Violation saved: mask_violations/violation_20241119_084613.jpg
2024-11-19 08:46:13,662 - INFO - [1332016979.py:212] - Violation saved: mask_violations/violation_20241119_084613.jpg
2024-11-19 08:46:13,751 - INFO - [1332016979.py:212] - Violation saved: mask_violations/violation_20241119_084613.jpg
2024-11-19 08:46:13,837 - INFO - [1332016979.py:212] - Violation saved: mask_violations/violation_20241119_084613.jpg
2024-11-19 08:46:13,929 - INFO - [1332016979.py:212] - Violation saved: mask_violations/violation_20241119_084613.jpg
2024-11-19 08:46:14,011 - INFO - [1332016979.py:212] - Violation saved: mask_violations/violation_20241119_084614.jpg
2024-11-19 08:46:14,108 - INFO - [1332016979.py:212] - Violation saved: mask_violations/violation_20241119_084614.jpg
2024-11-19 08:46:14,192 - INFO - [1332016979.py:212] - Violation saved: mask_violations/violation_20241119_084614.jpg
2024-11-19 08:46:14,270 - INFO - [1332016979.py:212] - Violation saved: mask_violations/violation_20241119_084614.jpg
2024-11-19 08:46:14,351 - INFO - [1332016979.py:212] - Violation saved: mask_violations/violation_20241119_084614.jpg
2024-11-19 08:46:14,444 - INFO - [1332016979.py:212] - Violation saved: mask_violations/violation_20241119_084614.jpg
2024-11-19 08:46:14,542 - INFO - [1332016979.py:212] - Violation saved: mask_violations/violation_20241119_084614.jpg
2024-11-19 08:46:14,650 - INFO - [1332016979.py:212] - Violation saved: mask_violations/violation_20241119_084614.jpg
2024-11-19 08:46:14,738 - INFO - [1332016979.py:212] - Violation saved: mask_violations/violation_20241119_084614.jpg
2024-11-19 08:46:14,814 - INFO - [1332016979.py:212] - Violation saved: mask_violations/violation_20241119_084614.jpg
2024-11-19 08:46:14,896 - INFO - [1332016979.py:212] - Violation saved: mask_violations/violation_20241119_084614.jpg
2024-11-19 08:46:14,973 - INFO - [1332016979.py:212] - Violation saved: mask_violations/violation_20241119_084614.jpg
2024-11-19 08:46:15,053 - INFO - [1332016979.py:212] - Violation saved: mask_violations/violation_20241119_084615.jpg
2024-11-19 08:46:15,129 - INFO - [1332016979.py:212] - Violation saved: mask_violations/violation_20241119_084615.jpg
2024-11-19 08:46:15,209 - INFO - [1332016979.py:212] - Violation saved: mask_violations/violation_20241119_084615.jpg
2024-11-19 08:46:15,281 - INFO - [1332016979.py:212] - Violation saved: mask_violations/violation_20241119_084615.jpg
2024-11-19 08:46:15,368 - INFO - [1332016979.py:212] - Violation saved: mask_violations/violation_20241119_084615.jpg
2024-11-19 08:46:15,460 - INFO - [1332016979.py:212] - Violation saved: mask_violations/violation_20241119_084615.jpg
2024-11-19 08:46:15,581 - INFO - [1332016979.py:212] - Violation saved: mask_violations/violation_20241119_084615.jpg
2024-11-19 08:46:15,671 - INFO - [1332016979.py:212] - Violation saved: mask_violations/violation_20241119_084615.jpg
2024-11-19 08:46:15,766 - INFO - [1332016979.py:212] - Violation saved: mask_violations/violation_20241119_084615.jpg
2024-11-19 08:46:15,861 - INFO - [1332016979.py:212] - Violation saved: mask_violations/violation_20241119_084615.jpg
2024-11-19 08:46:15,952 - INFO - [1332016979.py:212] - Violation saved: mask_violations/violation_20241119_084615.jpg
2024-11-19 08:46:16,047 - INFO - [1332016979.py:212] - Violation saved: mask_violations/violation_20241119_084616.jpg
2024-11-19 08:46:16,140 - INFO - [1332016979.py:212] - Violation saved: mask_violations/violation_20241119_084616.jpg
2024-11-19 08:46:16,235 - INFO - [1332016979.py:212] - Violation saved: mask_violations/violation_20241119_084616.jpg
2024-11-19 08:46:16,329 - INFO - [1332016979.py:212] - Violation saved: mask_violations/violation_20241119_084616.jpg
2024-11-19 08:46:16,424 - INFO - [1332016979.py:212] - Violation saved: mask_violations/violation_20241119_084616.jpg
2024-11-19 08:46:16,519 - INFO - [1332016979.py:212] - Violation saved: mask_violations/violation_20241119_084616.jpg
2024-11-19 08:46:16,629 - INFO - [1332016979.py:212] - Violation saved: mask_violations/violation_20241119_084616.jpg
2024-11-19 08:46:16,721 - INFO - [1332016979.py:212] - Violation saved: mask_violations/violation_20241119_084616.jpg
2024-11-19 08:46:16,819 - INFO - [1332016979.py:212] - Violation saved: mask_violations/violation_20241119_084616.jpg
2024-11-19 08:46:16,923 - INFO - [1332016979.py:212] - Violation saved: mask_violations/violation_20241119_084616.jpg
2024-11-19 08:46:17,017 - INFO - [1332016979.py:212] - Violation saved: mask_violations/violation_20241119_084617.jpg
2024-11-19 08:46:17,111 - INFO - [1332016979.py:212] - Violation saved: mask_violations/violation_20241119_084617.jpg
2024-11-19 08:46:17,207 - INFO - [1332016979.py:212] - Violation saved: mask_violations/violation_20241119_084617.jpg
2024-11-19 08:46:17,297 - INFO - [1332016979.py:212] - Violation saved: mask_violations/violation_20241119_084617.jpg
2024-11-19 08:46:17,395 - INFO - [1332016979.py:212] - Violation saved: mask_violations/violation_20241119_084617.jpg
2024-11-19 08:46:17,492 - INFO - [1332016979.py:212] - Violation saved: mask_violations/violation_20241119_084617.jpg
2024-11-19 08:46:17,601 - INFO - [1332016979.py:212] - Violation saved: mask_violations/violation_20241119_084617.jpg
2024-11-19 08:46:17,708 - INFO - [1332016979.py:212] - Violation saved: mask_violations/violation_20241119_084617.jpg
2024-11-19 08:46:17,816 - INFO - [1332016979.py:212] - Violation saved: mask_violations/violation_20241119_084617.jpg
2024-11-19 08:46:17,918 - INFO - [1332016979.py:212] - Violation saved: mask_violations/violation_20241119_084617.jpg
2024-11-19 08:46:18,016 - INFO - [1332016979.py:212] - Violation saved: mask_violations/violation_20241119_084618.jpg
2024-11-19 08:46:18,113 - INFO - [1332016979.py:212] - Violation saved: mask_violations/violation_20241119_084618.jpg
2024-11-19 08:46:18,215 - INFO - [1332016979.py:212] - Violation saved: mask_violations/violation_20241119_084618.jpg
2024-11-19 08:46:18,310 - INFO - [1332016979.py:212] - Violation saved: mask_violations/violation_20241119_084618.jpg
2024-11-19 08:46:18,403 - INFO - [1332016979.py:212] - Violation saved: mask_violations/violation_20241119_084618.jpg
2024-11-19 08:46:18,521 - INFO - [1332016979.py:212] - Violation saved: mask_violations/violation_20241119_084618.jpg
2024-11-19 08:46:18,626 - INFO - [1332016979.py:212] - Violation saved: mask_violations/violation_20241119_084618.jpg
2024-11-19 08:46:18,738 - INFO - [1332016979.py:212] - Violation saved: mask_violations/violation_20241119_084618.jpg
2024-11-19 08:46:18,847 - INFO - [1332016979.py:212] - Violation saved: mask_violations/violation_20241119_084618.jpg
2024-11-19 08:46:18,947 - INFO - [1332016979.py:212] - Violation saved: mask_violations/violation_20241119_084618.jpg
2024-11-19 08:46:19,045 - INFO - [1332016979.py:212] - Violation saved: mask_violations/violation_20241119_084619.jpg
2024-11-19 08:46:19,139 - INFO - [1332016979.py:212] - Violation saved: mask_violations/violation_20241119_084619.jpg
2024-11-19 08:46:19,235 - INFO - [1332016979.py:212] - Violation saved: mask_violations/violation_20241119_084619.jpg
2024-11-19 08:46:19,323 - INFO - [1332016979.py:212] - Violation saved: mask_violations/violation_20241119_084619.jpg
2024-11-19 08:46:19,419 - INFO - [1332016979.py:212] - Violation saved: mask_violations/violation_20241119_084619.jpg
2024-11-19 08:46:19,515 - INFO - [1332016979.py:212] - Violation saved: mask_violations/violation_20241119_084619.jpg
2024-11-19 08:46:19,620 - INFO - [1332016979.py:212] - Violation saved: mask_violations/violation_20241119_084619.jpg
2024-11-19 08:46:19,711 - INFO - [1332016979.py:212] - Violation saved: mask_violations/violation_20241119_084619.jpg
2024-11-19 08:46:19,811 - INFO - [1332016979.py:212] - Violation saved: mask_violations/violation_20241119_084619.jpg
2024-11-19 08:46:19,916 - INFO - [1332016979.py:212] - Violation saved: mask_violations/violation_20241119_084619.jpg
2024-11-19 08:46:20,020 - INFO - [1332016979.py:212] - Violation saved: mask_violations/violation_20241119_084620.jpg
2024-11-19 08:46:20,113 - INFO - [1332016979.py:212] - Violation saved: mask_violations/violation_20241119_084620.jpg
2024-11-19 08:46:20,213 - INFO - [1332016979.py:212] - Violation saved: mask_violations/violation_20241119_084620.jpg
2024-11-19 08:46:20,317 - INFO - [1332016979.py:212] - Violation saved: mask_violations/violation_20241119_084620.jpg
2024-11-19 08:46:20,410 - INFO - [1332016979.py:212] - Violation saved: mask_violations/violation_20241119_084620.jpg
2024-11-19 08:46:20,502 - INFO - [1332016979.py:212] - Violation saved: mask_violations/violation_20241119_084620.jpg
2024-11-19 08:46:20,599 - INFO - [1332016979.py:212] - Violation saved: mask_violations/violation_20241119_084620.jpg
2024-11-19 08:46:20,694 - INFO - [1332016979.py:212] - Violation saved: mask_violations/violation_20241119_084620.jpg
2024-11-19 08:46:20,781 - INFO - [1332016979.py:212] - Violation saved: mask_violations/violation_20241119_084620.jpg
2024-11-19 08:46:20,876 - INFO - [1332016979.py:212] - Violation saved: mask_violations/violation_20241119_084620.jpg
2024-11-19 08:46:20,968 - INFO - [1332016979.py:212] - Violation saved: mask_violations/violation_20241119_084620.jpg
2024-11-19 08:46:21,060 - INFO - [1332016979.py:212] - Violation saved: mask_violations/violation_20241119_084621.jpg
2024-11-19 08:46:21,153 - INFO - [1332016979.py:212] - Violation saved: mask_violations/violation_20241119_084621.jpg
2024-11-19 08:46:21,248 - INFO - [1332016979.py:212] - Violation saved: mask_violations/violation_20241119_084621.jpg
2024-11-19 08:46:21,345 - INFO - [1332016979.py:212] - Violation saved: mask_violations/violation_20241119_084621.jpg
2024-11-19 08:46:21,434 - INFO - [1332016979.py:212] - Violation saved: mask_violations/violation_20241119_084621.jpg
2024-11-19 08:46:21,533 - INFO - [1332016979.py:212] - Violation saved: mask_violations/violation_20241119_084621.jpg
2024-11-19 08:46:21,627 - INFO - [1332016979.py:212] - Violation saved: mask_violations/violation_20241119_084621.jpg
2024-11-19 08:46:21,720 - INFO - [1332016979.py:212] - Violation saved: mask_violations/violation_20241119_084621.jpg
2024-11-19 08:46:21,814 - INFO - [1332016979.py:212] - Violation saved: mask_violations/violation_20241119_084621.jpg
2024-11-19 08:46:21,930 - INFO - [1332016979.py:212] - Violation saved: mask_violations/violation_20241119_084621.jpg
2024-11-19 08:46:22,049 - INFO - [1332016979.py:212] - Violation saved: mask_violations/violation_20241119_084622.jpg
2024-11-19 08:46:22,140 - INFO - [1332016979.py:212] - Violation saved: mask_violations/violation_20241119_084622.jpg
2024-11-19 08:46:22,235 - INFO - [1332016979.py:212] - Violation saved: mask_violations/violation_20241119_084622.jpg
2024-11-19 08:46:22,332 - INFO - [1332016979.py:212] - Violation saved: mask_violations/violation_20241119_084622.jpg
2024-11-19 08:46:22,441 - INFO - [1332016979.py:212] - Violation saved: mask_violations/violation_20241119_084622.jpg
2024-11-19 08:46:22,532 - INFO - [1332016979.py:212] - Violation saved: mask_violations/violation_20241119_084622.jpg
2024-11-19 08:46:24,174 - INFO - [1332016979.py:212] - Violation saved: mask_violations/violation_20241119_084624.jpg
2024-11-19 08:46:26,151 - INFO - [1332016979.py:212] - Violation saved: mask_violations/violation_20241119_084626.jpg
2024-11-19 08:46:26,245 - INFO - [1332016979.py:212] - Violation saved: mask_violations/violation_20241119_084626.jpg
2024-11-19 08:46:26,336 - INFO - [1332016979.py:212] - Violation saved: mask_violations/violation_20241119_084626.jpg
2024-11-19 08:46:26,431 - INFO - [1332016979.py:212] - Violation saved: mask_violations/violation_20241119_084626.jpg
2024-11-19 08:46:26,522 - INFO - [1332016979.py:212] - Violation saved: mask_violations/violation_20241119_084626.jpg
2024-11-19 08:46:26,612 - INFO - [1332016979.py:212] - Violation saved: mask_violations/violation_20241119_084626.jpg
2024-11-19 08:46:26,716 - INFO - [1332016979.py:212] - Violation saved: mask_violations/violation_20241119_084626.jpg
2024-11-19 08:46:26,815 - INFO - [1332016979.py:212] - Violation saved: mask_violations/violation_20241119_084626.jpg
2024-11-19 08:46:26,908 - INFO - [1332016979.py:212] - Violation saved: mask_violations/violation_20241119_084626.jpg
2024-11-19 08:46:27,412 - INFO - [1332016979.py:212] - Violation saved: mask_violations/violation_20241119_084627.jpg
2024-11-19 08:46:27,520 - INFO - [1332016979.py:212] - Violation saved: mask_violations/violation_20241119_084627.jpg
2024-11-19 08:46:27,631 - INFO - [1332016979.py:212] - Violation saved: mask_violations/violation_20241119_084627.jpg
2024-11-19 08:46:27,743 - INFO - [1332016979.py:212] - Violation saved: mask_violations/violation_20241119_084627.jpg
2024-11-19 08:46:27,841 - INFO - [1332016979.py:212] - Violation saved: mask_violations/violation_20241119_084627.jpg
2024-11-19 08:46:28,340 - INFO - [1332016979.py:212] - Violation saved: mask_violations/violation_20241119_084628.jpg
2024-11-19 08:46:28,718 - INFO - [1332016979.py:212] - Violation saved: mask_violations/violation_20241119_084628.jpg
2024-11-19 08:46:28,916 - INFO - [1332016979.py:212] - Violation saved: mask_violations/violation_20241119_084628.jpg
2024-11-19 08:46:29,008 - INFO - [1332016979.py:212] - Violation saved: mask_violations/violation_20241119_084629.jpg
2024-11-19 08:46:41,066 - INFO - [1332016979.py:212] - Violation saved: mask_violations/violation_20241119_084641.jpg
2024-11-19 08:46:41,158 - INFO - [1332016979.py:212] - Violation saved: mask_violations/violation_20241119_084641.jpg
2024-11-19 08:46:41,254 - INFO - [1332016979.py:212] - Violation saved: mask_violations/violation_20241119_084641.jpg
2024-11-19 08:46:41,350 - INFO - [1332016979.py:212] - Violation saved: mask_violations/violation_20241119_084641.jpg
2024-11-19 08:46:41,446 - INFO - [1332016979.py:212] - Violation saved: mask_violations/violation_20241119_084641.jpg
2024-11-19 08:46:41,535 - INFO - [1332016979.py:212] - Violation saved: mask_violations/violation_20241119_084641.jpg
2024-11-19 08:46:42,014 - INFO - [1332016979.py:212] - Violation saved: mask_violations/violation_20241119_084642.jpg
2024-11-19 08:46:42,116 - INFO - [1332016979.py:212] - Violation saved: mask_violations/violation_20241119_084642.jpg
2024-11-19 08:46:42,312 - INFO - [1332016979.py:212] - Violation saved: mask_violations/violation_20241119_084642.jpg
2024-11-19 08:46:42,407 - INFO - [1332016979.py:212] - Violation saved: mask_violations/violation_20241119_084642.jpg
2024-11-19 08:46:42,901 - INFO - [1332016979.py:212] - Violation saved: mask_violations/violation_20241119_084642.jpg
2024-11-19 08:46:42,995 - INFO - [1332016979.py:212] - Violation saved: mask_violations/violation_20241119_084642.jpg
2024-11-19 08:46:50,763 - INFO - [657625745.py:84] - Camera handler initialized successfully
2024-11-19 08:46:50,863 - ERROR - [657625745.py:119] - Failed to load or verify model: '>' not supported between instances of 'NoneType' and 'int'
2024-11-19 08:46:50,864 - ERROR - [657625745.py:340] - Fatal error: '>' not supported between instances of 'NoneType' and 'int'
2024-11-19 08:46:58,425 - INFO - [657625745.py:84] - Camera handler initialized successfully
2024-11-19 08:46:58,522 - ERROR - [657625745.py:119] - Failed to load or verify model: '>' not supported between instances of 'NoneType' and 'int'
2024-11-19 08:46:58,523 - ERROR - [657625745.py:340] - Fatal error: '>' not supported between instances of 'NoneType' and 'int'
2024-11-19 09:39:42,342 - INFO - [2086904029.py:84] - Camera handler initialized successfully
2024-11-19 09:39:42,554 - ERROR - [2086904029.py:119] - Failed to load or verify model: '>' not supported between instances of 'NoneType' and 'int'
2024-11-19 09:39:42,555 - ERROR - [2086904029.py:340] - Fatal error: '>' not supported between instances of 'NoneType' and 'int'
2024-12-03 07:29:36,209 - INFO - [2086904029.py:84] - Camera handler initialized successfully
2024-12-03 07:29:36,378 - ERROR - [2086904029.py:119] - Failed to load or verify model: '>' not supported between instances of 'NoneType' and 'int'
2024-12-03 07:29:36,380 - ERROR - [2086904029.py:340] - Fatal error: '>' not supported between instances of 'NoneType' and 'int'
2024-12-03 07:33:58,001 - INFO - [2086904029.py:84] - Camera handler initialized successfully
2024-12-03 07:33:58,090 - ERROR - [2086904029.py:119] - Failed to load or verify model: '>' not supported between instances of 'NoneType' and 'int'
2024-12-03 07:33:58,090 - ERROR - [2086904029.py:340] - Fatal error: '>' not supported between instances of 'NoneType' and 'int'
2024-12-03 07:34:45,426 - INFO - [3280926581.py:84] - Camera handler initialized successfully
2024-12-03 07:34:45,532 - ERROR - [3280926581.py:119] - Failed to load or verify model: '>' not supported between instances of 'NoneType' and 'int'
2024-12-03 07:34:45,533 - ERROR - [3280926581.py:343] - Fatal error: '>' not supported between instances of 'NoneType' and 'int'
2024-12-03 07:34:53,061 - INFO - [3280926581.py:84] - Camera handler initialized successfully
2024-12-03 07:34:53,150 - ERROR - [3280926581.py:119] - Failed to load or verify model: '>' not supported between instances of 'NoneType' and 'int'
2024-12-03 07:34:53,151 - ERROR - [3280926581.py:343] - Fatal error: '>' not supported between instances of 'NoneType' and 'int'
2024-12-03 07:36:53,376 - INFO - [1183116626.py:84] - Camera handler initialized successfully
2024-12-03 07:36:53,599 - ERROR - [1183116626.py:119] - Failed to load or verify model: '>' not supported between instances of 'NoneType' and 'int'
2024-12-03 07:36:53,599 - ERROR - [1183116626.py:343] - Fatal error: '>' not supported between instances of 'NoneType' and 'int'
